<?xml version="1.0" encoding="UTF-8"?>
<testsuites name="TSC1" time="74.32" tests="9" failures="0" errors="0">
   <testsuite name="TS1" tests="4" failures="0" errors="0" time="24.387" skipped="0" timestamp="02-07-2024T22:40:59" hostname="qHien - DESKTOP-U2IHECD" id="Test Suites/TS1">
      <properties>
         <property name="deviceName" value=""/>
         <property name="devicePlatform"/>
         <property name="logFolder" value="C:\\Users\\qHien\\git\\katalon-poc\\Reports\\20240702_224047\\TS1\\20240702_224048"/>
         <property name="logFiles" value="C:\\Users\\qHien\\git\\katalon-poc\\Reports\\20240702_224047\\TS1\\20240702_224048\\execution0.log"/>
         <property name="attachments" value=""/>
         <property name="hostName" value="qHien - DESKTOP-U2IHECD"/>
         <property name="os" value="Windows 10 64bit"/>
         <property name="katalonVersion" value="9.6.0.217"/>
         <property name="browser" value="Chrome 126.0.0.0"/>
         <property name="hostAddress" value="192.168.0.172"/>
         <property name="sessionId" value="43141da4fc0f6c346df55d273a40c504"/>
         <property name="seleniumVersion" value="3.141.59"/>
         <property name="proxyInformation" value="ProxyInformation { proxyOption=NO_PROXY, proxyServerType=HTTP, username=, password=********, proxyServerAddress=, proxyServerPort=0, executionList=&quot;&quot;, isApplyToDesiredCapabilities=true }"/>
         <property name="platform" value="Windows 10"/>
      </properties>
      <testcase name="Test Cases/TC01" time="9.722" classname="Test Cases/TC01" status="PASSED">
         <system-out><![CDATA[02-07-2024T22:40:59 - [TEST_CASE][PASSED] - Test Cases/TC01: Test Cases/TC01

02-07-2024T22:41:00 - [TEST_STEP][PASSED] - openBrowser(""): Browser is opened with url: ''

02-07-2024T22:41:00 - [MESSAGE][INFO] - Starting 'Chrome' driver

02-07-2024T22:41:00 - [MESSAGE][INFO] - Action delay is set to 0 milliseconds

02-07-2024T22:41:01 - [MESSAGE][PASSED] - Browser is opened with url: ''

02-07-2024T22:41:01 - [TEST_STEP][PASSED] - navigateToUrl("https://katalon-demo-cura.herokuapp.com/"): Navigate to 'https://katalon-demo-cura.herokuapp.com/' successfully

02-07-2024T22:41:08 - [MESSAGE][PASSED] - Navigate to 'https://katalon-demo-cura.herokuapp.com/' successfully

02-07-2024T22:41:08 - [TEST_STEP][PASSED] - click(findTestObject("Object Repository/Page_CURA Healthcare Service/h1_CURA Healthcare Service")): Object: 'Object Repository/Page_CURA Healthcare Service/h1_CURA Healthcare Service' is clicked on

02-07-2024T22:41:09 - [MESSAGE][PASSED] - Object: 'Object Repository/Page_CURA Healthcare Service/h1_CURA Healthcare Service' is clicked on

02-07-2024T22:41:09 - [TEST_STEP][PASSED] - verifyElementVisible(findTestObject("Object Repository/Page_CURA Healthcare Service/h1_CURA Healthcare Service")): Object 'Object Repository/Page_CURA Healthcare Service/h1_CURA Healthcare Service' is visible

02-07-2024T22:41:09 - [MESSAGE][PASSED] - Object 'Object Repository/Page_CURA Healthcare Service/h1_CURA Healthcare Service' is visible

02-07-2024T22:41:09 - [TEST_STEP][PASSED] - closeBrowser(): Browser is closed

02-07-2024T22:41:09 - [MESSAGE][PASSED] - Browser is closed]]></system-out>
         <system-err><![CDATA[]]></system-err>
      </testcase>
      <testcase name="Test Cases/TC02" time="6.832" classname="Test Cases/TC02" status="PASSED">
         <system-out><![CDATA[02-07-2024T22:41:09 - [TEST_CASE][PASSED] - Test Cases/TC02: Test Cases/TC02

02-07-2024T22:41:09 - [TEST_STEP][PASSED] - openBrowser(""): Browser is opened with url: ''

02-07-2024T22:41:09 - [MESSAGE][INFO] - Starting 'Chrome' driver

02-07-2024T22:41:09 - [MESSAGE][INFO] - Action delay is set to 0 milliseconds

02-07-2024T22:41:10 - [MESSAGE][PASSED] - Browser is opened with url: ''

02-07-2024T22:41:10 - [TEST_STEP][PASSED] - navigateToUrl("https://katalon-demo-cura.herokuapp.com/"): Navigate to 'https://katalon-demo-cura.herokuapp.com/' successfully

02-07-2024T22:41:13 - [MESSAGE][PASSED] - Navigate to 'https://katalon-demo-cura.herokuapp.com/' successfully

02-07-2024T22:41:13 - [TEST_STEP][PASSED] - click(findTestObject("Object Repository/Page_CURA Healthcare Service/a_Make Appointment")): Object: 'Object Repository/Page_CURA Healthcare Service/a_Make Appointment' is clicked on

02-07-2024T22:41:13 - [MESSAGE][PASSED] - Object: 'Object Repository/Page_CURA Healthcare Service/a_Make Appointment' is clicked on

02-07-2024T22:41:13 - [TEST_STEP][PASSED] - click(findTestObject("Object Repository/Page_CURA Healthcare Service/p_Please login to make appointment")): Object: 'Object Repository/Page_CURA Healthcare Service/p_Please login to make appointment' is clicked on

02-07-2024T22:41:14 - [MESSAGE][PASSED] - Object: 'Object Repository/Page_CURA Healthcare Service/p_Please login to make appointment' is clicked on

02-07-2024T22:41:14 - [TEST_STEP][PASSED] - rightClick(findTestObject("Object Repository/Page_CURA Healthcare Service/p_Please login to make appointment")): Object: 'Object Repository/Page_CURA Healthcare Service/p_Please login to make appointment' is right clicked on

02-07-2024T22:41:14 - [MESSAGE][PASSED] - Object: 'Object Repository/Page_CURA Healthcare Service/p_Please login to make appointment' is right clicked on

02-07-2024T22:41:14 - [TEST_STEP][PASSED] - click(findTestObject("Object Repository/Page_CURA Healthcare Service/div_Login                Please login to ma_5151a8")): Object: 'Object Repository/Page_CURA Healthcare Service/div_Login                Please login to ma_5151a8' is clicked on

02-07-2024T22:41:14 - [MESSAGE][PASSED] - Object: 'Object Repository/Page_CURA Healthcare Service/div_Login                Please login to ma_5151a8' is clicked on

02-07-2024T22:41:14 - [TEST_STEP][PASSED] - verifyElementClickable(findTestObject("Object Repository/Page_CURA Healthcare Service/button_Login")): Object 'Object Repository/Page_CURA Healthcare Service/button_Login' is clickable

02-07-2024T22:41:14 - [MESSAGE][PASSED] - Object 'Object Repository/Page_CURA Healthcare Service/button_Login' is clickable

02-07-2024T22:41:14 - [TEST_STEP][PASSED] - click(findTestObject("Object Repository/Page_CURA Healthcare Service/button_Login")): Object: 'Object Repository/Page_CURA Healthcare Service/button_Login' is clicked on

02-07-2024T22:41:15 - [MESSAGE][PASSED] - Object: 'Object Repository/Page_CURA Healthcare Service/button_Login' is clicked on

02-07-2024T22:41:15 - [TEST_STEP][PASSED] - click(findTestObject("Object Repository/Page_CURA Healthcare Service/p_Login failed Please ensure the username a_eb55b5")): Object: 'Object Repository/Page_CURA Healthcare Service/p_Login failed Please ensure the username a_eb55b5' is clicked on

02-07-2024T22:41:16 - [MESSAGE][PASSED] - Object: 'Object Repository/Page_CURA Healthcare Service/p_Login failed Please ensure the username a_eb55b5' is clicked on

02-07-2024T22:41:16 - [TEST_STEP][PASSED] - verifyElementText(findTestObject("Object Repository/Page_CURA Healthcare Service/p_Login failed Please ensure the username a_eb55b5"), "Login failed! Please ensure the username and password are valid."): Actual text and expected text of test object 'Object Repository/Page_CURA Healthcare Service/p_Login failed Please ensure the username a_eb55b5' are matched.

02-07-2024T22:41:16 - [MESSAGE][PASSED] - Actual text and expected text of test object 'Object Repository/Page_CURA Healthcare Service/p_Login failed Please ensure the username a_eb55b5' are matched.

02-07-2024T22:41:16 - [TEST_STEP][PASSED] - closeBrowser(): Browser is closed

02-07-2024T22:41:16 - [MESSAGE][PASSED] - Browser is closed]]></system-out>
         <system-err><![CDATA[]]></system-err>
      </testcase>
      <testcase name="Test Cases/TC03" time="3.94" classname="Test Cases/TC03" status="PASSED">
         <system-out><![CDATA[02-07-2024T22:41:16 - [TEST_CASE][PASSED] - Test Cases/TC03: Test Cases/TC03

02-07-2024T22:41:16 - [TEST_STEP][PASSED] - openBrowser(""): Browser is opened with url: ''

02-07-2024T22:41:16 - [MESSAGE][INFO] - Starting 'Chrome' driver

02-07-2024T22:41:16 - [MESSAGE][INFO] - Action delay is set to 0 milliseconds

02-07-2024T22:41:17 - [MESSAGE][PASSED] - Browser is opened with url: ''

02-07-2024T22:41:17 - [TEST_STEP][PASSED] - navigateToUrl("https://katalon-demo-cura.herokuapp.com/"): Navigate to 'https://katalon-demo-cura.herokuapp.com/' successfully

02-07-2024T22:41:19 - [MESSAGE][PASSED] - Navigate to 'https://katalon-demo-cura.herokuapp.com/' successfully

02-07-2024T22:41:19 - [TEST_STEP][PASSED] - click(findTestObject("Object Repository/Page_CURA Healthcare Service/h3_We Care About Your Health")): Object: 'Object Repository/Page_CURA Healthcare Service/h3_We Care About Your Health' is clicked on

02-07-2024T22:41:20 - [MESSAGE][PASSED] - Object: 'Object Repository/Page_CURA Healthcare Service/h3_We Care About Your Health' is clicked on

02-07-2024T22:41:20 - [TEST_STEP][PASSED] - verifyElementText(findTestObject("Object Repository/Page_CURA Healthcare Service/h3_We Care About Your Health"), "We Care About Your Health"): Actual text and expected text of test object 'Object Repository/Page_CURA Healthcare Service/h3_We Care About Your Health' are matched.

02-07-2024T22:41:20 - [MESSAGE][PASSED] - Actual text and expected text of test object 'Object Repository/Page_CURA Healthcare Service/h3_We Care About Your Health' are matched.

02-07-2024T22:41:20 - [TEST_STEP][PASSED] - closeBrowser(): Browser is closed

02-07-2024T22:41:20 - [MESSAGE][PASSED] - Browser is closed]]></system-out>
         <system-err><![CDATA[]]></system-err>
      </testcase>
      <testcase name="Test Cases/TC04" time="3.78" classname="Test Cases/TC04" status="PASSED">
         <system-out><![CDATA[02-07-2024T22:41:20 - [TEST_CASE][PASSED] - Test Cases/TC04: Test Cases/TC04

02-07-2024T22:41:20 - [TEST_STEP][PASSED] - openBrowser(""): Browser is opened with url: ''

02-07-2024T22:41:20 - [MESSAGE][INFO] - Starting 'Chrome' driver

02-07-2024T22:41:20 - [MESSAGE][INFO] - Action delay is set to 0 milliseconds

02-07-2024T22:41:21 - [MESSAGE][PASSED] - Browser is opened with url: ''

02-07-2024T22:41:21 - [TEST_STEP][PASSED] - navigateToUrl("https://katalon-demo-cura.herokuapp.com/"): Navigate to 'https://katalon-demo-cura.herokuapp.com/' successfully

02-07-2024T22:41:23 - [MESSAGE][PASSED] - Navigate to 'https://katalon-demo-cura.herokuapp.com/' successfully

02-07-2024T22:41:23 - [TEST_STEP][PASSED] - verifyElementVisible(findTestObject("Object Repository/Page_CURA Healthcare Service/i_infokatalon.com_fa fa-facebook fa-fw fa-3x")): Object 'Object Repository/Page_CURA Healthcare Service/i_infokatalon.com_fa fa-facebook fa-fw fa-3x' is visible

02-07-2024T22:41:24 - [MESSAGE][PASSED] - Object 'Object Repository/Page_CURA Healthcare Service/i_infokatalon.com_fa fa-facebook fa-fw fa-3x' is visible

02-07-2024T22:41:24 - [TEST_STEP][PASSED] - closeBrowser(): Browser is closed

02-07-2024T22:41:24 - [MESSAGE][PASSED] - Browser is closed]]></system-out>
         <system-err><![CDATA[]]></system-err>
      </testcase>
      <system-out><![CDATA[02-07-2024T22:40:59 - [TEST_SUITE][PASSED] - TS1: Test Cases/TC04]]></system-out>
      <system-err><![CDATA[]]></system-err>
   </testsuite>
   <testsuite name="TS2" tests="2" failures="0" errors="0" time="9.721" skipped="0" timestamp="02-07-2024T22:41:33" hostname="qHien - DESKTOP-U2IHECD" id="Test Suites/TS2">
      <properties>
         <property name="deviceName" value=""/>
         <property name="devicePlatform"/>
         <property name="logFolder" value="C:\\Users\\qHien\\git\\katalon-poc\\Reports\\20240702_224047\\TS2\\20240702_224050"/>
         <property name="logFiles" value="C:\\Users\\qHien\\git\\katalon-poc\\Reports\\20240702_224047\\TS2\\20240702_224050\\execution0.log"/>
         <property name="attachments" value=""/>
         <property name="hostName" value="qHien - DESKTOP-U2IHECD"/>
         <property name="os" value="Windows 10 64bit"/>
         <property name="katalonVersion" value="9.6.0.217"/>
         <property name="browser" value="Chrome 126.0.0.0"/>
         <property name="hostAddress" value="192.168.0.172"/>
         <property name="sessionId" value="8a6be4a8d65aa30362166e71a4eb61fa"/>
         <property name="seleniumVersion" value="3.141.59"/>
         <property name="proxyInformation" value="ProxyInformation { proxyOption=NO_PROXY, proxyServerType=HTTP, username=, password=********, proxyServerAddress=, proxyServerPort=0, executionList=&quot;&quot;, isApplyToDesiredCapabilities=true }"/>
         <property name="platform" value="Windows 10"/>
      </properties>
      <testcase name="Test Cases/TC06" time="5.315" classname="Test Cases/TC06" status="PASSED">
         <system-out><![CDATA[02-07-2024T22:41:33 - [TEST_CASE][PASSED] - Test Cases/TC06: Test Cases/TC06

02-07-2024T22:41:34 - [TEST_STEP][PASSED] - openBrowser(""): Browser is opened with url: ''

02-07-2024T22:41:34 - [MESSAGE][INFO] - Starting 'Chrome' driver

02-07-2024T22:41:34 - [MESSAGE][INFO] - Action delay is set to 0 milliseconds

02-07-2024T22:41:35 - [MESSAGE][PASSED] - Browser is opened with url: ''

02-07-2024T22:41:35 - [TEST_STEP][PASSED] - navigateToUrl("https://katalon-demo-cura.herokuapp.com/"): Navigate to 'https://katalon-demo-cura.herokuapp.com/' successfully

02-07-2024T22:41:38 - [MESSAGE][PASSED] - Navigate to 'https://katalon-demo-cura.herokuapp.com/' successfully

02-07-2024T22:41:38 - [TEST_STEP][PASSED] - click(findTestObject("Object Repository/Page_CURA Healthcare Service/i_infokatalon.com_fa fa-facebook fa-fw fa-3x")): Object: 'Object Repository/Page_CURA Healthcare Service/i_infokatalon.com_fa fa-facebook fa-fw fa-3x' is clicked on

02-07-2024T22:41:38 - [MESSAGE][PASSED] - Object: 'Object Repository/Page_CURA Healthcare Service/i_infokatalon.com_fa fa-facebook fa-fw fa-3x' is clicked on

02-07-2024T22:41:38 - [TEST_STEP][PASSED] - click(findTestObject("Object Repository/Page_CURA Healthcare Service/i_infokatalon.com_fa fa-facebook fa-fw fa-3x")): Object: 'Object Repository/Page_CURA Healthcare Service/i_infokatalon.com_fa fa-facebook fa-fw fa-3x' is clicked on

02-07-2024T22:41:38 - [MESSAGE][PASSED] - Object: 'Object Repository/Page_CURA Healthcare Service/i_infokatalon.com_fa fa-facebook fa-fw fa-3x' is clicked on

02-07-2024T22:41:38 - [TEST_STEP][PASSED] - verifyElementClickable(findTestObject("Object Repository/Page_CURA Healthcare Service/a_CURA Healthcare_menu-toggle")): Object 'Object Repository/Page_CURA Healthcare Service/a_CURA Healthcare_menu-toggle' is clickable

02-07-2024T22:41:39 - [MESSAGE][PASSED] - Object 'Object Repository/Page_CURA Healthcare Service/a_CURA Healthcare_menu-toggle' is clickable

02-07-2024T22:41:39 - [TEST_STEP][PASSED] - closeBrowser(): Browser is closed

02-07-2024T22:41:39 - [MESSAGE][PASSED] - Browser is closed]]></system-out>
         <system-err><![CDATA[]]></system-err>
      </testcase>
      <testcase name="Test Cases/TC07" time="4.293" classname="Test Cases/TC07" status="PASSED">
         <system-out><![CDATA[02-07-2024T22:41:39 - [TEST_CASE][PASSED] - Test Cases/TC07: Test Cases/TC07

02-07-2024T22:41:39 - [TEST_STEP][PASSED] - openBrowser(""): Browser is opened with url: ''

02-07-2024T22:41:39 - [MESSAGE][INFO] - Starting 'Chrome' driver

02-07-2024T22:41:39 - [MESSAGE][INFO] - Action delay is set to 0 milliseconds

02-07-2024T22:41:39 - [MESSAGE][PASSED] - Browser is opened with url: ''

02-07-2024T22:41:39 - [TEST_STEP][PASSED] - navigateToUrl("https://katalon-demo-cura.herokuapp.com/"): Navigate to 'https://katalon-demo-cura.herokuapp.com/' successfully

02-07-2024T22:41:42 - [MESSAGE][PASSED] - Navigate to 'https://katalon-demo-cura.herokuapp.com/' successfully

02-07-2024T22:41:42 - [TEST_STEP][PASSED] - click(findTestObject("Object Repository/Page_CURA Healthcare Service/p_Atlanta 550 Pharr Road NE Suite 525Atlant_8f4c85")): Object: 'Object Repository/Page_CURA Healthcare Service/p_Atlanta 550 Pharr Road NE Suite 525Atlant_8f4c85' is clicked on

02-07-2024T22:41:43 - [MESSAGE][PASSED] - Object: 'Object Repository/Page_CURA Healthcare Service/p_Atlanta 550 Pharr Road NE Suite 525Atlant_8f4c85' is clicked on

02-07-2024T22:41:43 - [TEST_STEP][PASSED] - verifyElementVisible(findTestObject("Object Repository/Page_CURA Healthcare Service/p_Atlanta 550 Pharr Road NE Suite 525Atlant_8f4c85")): Object 'Object Repository/Page_CURA Healthcare Service/p_Atlanta 550 Pharr Road NE Suite 525Atlant_8f4c85' is visible

02-07-2024T22:41:43 - [MESSAGE][PASSED] - Object 'Object Repository/Page_CURA Healthcare Service/p_Atlanta 550 Pharr Road NE Suite 525Atlant_8f4c85' is visible

02-07-2024T22:41:43 - [TEST_STEP][PASSED] - closeBrowser(STOP_ON_FAILURE): Browser is closed

02-07-2024T22:41:43 - [MESSAGE][PASSED] - Browser is closed]]></system-out>
         <system-err><![CDATA[]]></system-err>
      </testcase>
      <system-out><![CDATA[02-07-2024T22:41:33 - [TEST_SUITE][PASSED] - TS2: Test Cases/TC07]]></system-out>
      <system-err><![CDATA[]]></system-err>
   </testsuite>
   <testsuite name="TS3" tests="3" failures="0" errors="0" time="14.21" skipped="0" timestamp="02-07-2024T22:41:53" hostname="qHien - DESKTOP-U2IHECD" id="Test Suites/TS3">
      <properties>
         <property name="deviceName" value=""/>
         <property name="devicePlatform"/>
         <property name="logFolder" value="C:\\Users\\qHien\\git\\katalon-poc\\Reports\\20240702_224047\\TS3\\20240702_224052"/>
         <property name="logFiles" value="C:\\Users\\qHien\\git\\katalon-poc\\Reports\\20240702_224047\\TS3\\20240702_224052\\execution0.log"/>
         <property name="attachments" value=""/>
         <property name="hostName" value="qHien - DESKTOP-U2IHECD"/>
         <property name="os" value="Windows 10 64bit"/>
         <property name="katalonVersion" value="9.6.0.217"/>
         <property name="browser" value="Chrome 126.0.0.0"/>
         <property name="hostAddress" value="192.168.0.172"/>
         <property name="sessionId" value="8bd19f7e76559fb14aabeb2ebd54dff5"/>
         <property name="seleniumVersion" value="3.141.59"/>
         <property name="proxyInformation" value="ProxyInformation { proxyOption=NO_PROXY, proxyServerType=HTTP, username=, password=********, proxyServerAddress=, proxyServerPort=0, executionList=&quot;&quot;, isApplyToDesiredCapabilities=true }"/>
         <property name="platform" value="Windows 10"/>
      </properties>
      <testcase name="Test Cases/TC08" time="4.933" classname="Test Cases/TC08" status="PASSED">
         <system-out><![CDATA[02-07-2024T22:41:53 - [TEST_CASE][PASSED] - Test Cases/TC08: Test Cases/TC08

02-07-2024T22:41:54 - [TEST_STEP][PASSED] - openBrowser(""): Browser is opened with url: ''

02-07-2024T22:41:54 - [MESSAGE][INFO] - Starting 'Chrome' driver

02-07-2024T22:41:54 - [MESSAGE][INFO] - Action delay is set to 0 milliseconds

02-07-2024T22:41:55 - [MESSAGE][PASSED] - Browser is opened with url: ''

02-07-2024T22:41:55 - [TEST_STEP][PASSED] - navigateToUrl("https://katalon-demo-cura.herokuapp.com/"): Navigate to 'https://katalon-demo-cura.herokuapp.com/' successfully

02-07-2024T22:41:58 - [MESSAGE][PASSED] - Navigate to 'https://katalon-demo-cura.herokuapp.com/' successfully

02-07-2024T22:41:58 - [TEST_STEP][PASSED] - click(findTestObject("Object Repository/Page_CURA Healthcare Service/li_(678) 813-1KMS")): Object: 'Object Repository/Page_CURA Healthcare Service/li_(678) 813-1KMS' is clicked on

02-07-2024T22:41:58 - [MESSAGE][PASSED] - Object: 'Object Repository/Page_CURA Healthcare Service/li_(678) 813-1KMS' is clicked on

02-07-2024T22:41:58 - [TEST_STEP][PASSED] - verifyElementVisible(findTestObject("Object Repository/Page_CURA Healthcare Service/li_(678) 813-1KMS")): Object 'Object Repository/Page_CURA Healthcare Service/li_(678) 813-1KMS' is visible

02-07-2024T22:41:58 - [MESSAGE][PASSED] - Object 'Object Repository/Page_CURA Healthcare Service/li_(678) 813-1KMS' is visible

02-07-2024T22:41:58 - [TEST_STEP][PASSED] - closeBrowser(STOP_ON_FAILURE): Browser is closed

02-07-2024T22:41:58 - [MESSAGE][PASSED] - Browser is closed]]></system-out>
         <system-err><![CDATA[]]></system-err>
      </testcase>
      <testcase name="Test Cases/TC09" time="4.546" classname="Test Cases/TC09" status="PASSED">
         <system-out><![CDATA[02-07-2024T22:41:58 - [TEST_CASE][PASSED] - Test Cases/TC09: Test Cases/TC09

02-07-2024T22:41:58 - [TEST_STEP][PASSED] - openBrowser(""): Browser is opened with url: ''

02-07-2024T22:41:58 - [MESSAGE][INFO] - Starting 'Chrome' driver

02-07-2024T22:41:58 - [MESSAGE][INFO] - Action delay is set to 0 milliseconds

02-07-2024T22:41:59 - [MESSAGE][PASSED] - Browser is opened with url: ''

02-07-2024T22:41:59 - [TEST_STEP][PASSED] - navigateToUrl("https://katalon-demo-cura.herokuapp.com/"): Navigate to 'https://katalon-demo-cura.herokuapp.com/' successfully

02-07-2024T22:42:02 - [MESSAGE][PASSED] - Navigate to 'https://katalon-demo-cura.herokuapp.com/' successfully

02-07-2024T22:42:02 - [TEST_STEP][PASSED] - click(findTestObject("Object Repository/Page_CURA Healthcare Service/a_CURA Healthcare_menu-toggle")): Object: 'Object Repository/Page_CURA Healthcare Service/a_CURA Healthcare_menu-toggle' is clicked on

02-07-2024T22:42:02 - [MESSAGE][PASSED] - Object: 'Object Repository/Page_CURA Healthcare Service/a_CURA Healthcare_menu-toggle' is clicked on

02-07-2024T22:42:02 - [TEST_STEP][PASSED] - verifyElementClickable(findTestObject("Object Repository/Page_CURA Healthcare Service/a_Home")): Object 'Object Repository/Page_CURA Healthcare Service/a_Home' is clickable

02-07-2024T22:42:02 - [MESSAGE][PASSED] - Object 'Object Repository/Page_CURA Healthcare Service/a_Home' is clickable

02-07-2024T22:42:02 - [TEST_STEP][PASSED] - click(findTestObject("Object Repository/Page_CURA Healthcare Service/a_Home")): Object: 'Object Repository/Page_CURA Healthcare Service/a_Home' is clicked on

02-07-2024T22:42:03 - [MESSAGE][PASSED] - Object: 'Object Repository/Page_CURA Healthcare Service/a_Home' is clicked on

02-07-2024T22:42:03 - [TEST_STEP][PASSED] - closeBrowser(): Browser is closed

02-07-2024T22:42:03 - [MESSAGE][PASSED] - Browser is closed]]></system-out>
         <system-err><![CDATA[]]></system-err>
      </testcase>
      <testcase name="Test Cases/TC10" time="4.62" classname="Test Cases/TC10" status="PASSED">
         <system-out><![CDATA[02-07-2024T22:42:03 - [TEST_CASE][PASSED] - Test Cases/TC10: Test Cases/TC10

02-07-2024T22:42:03 - [TEST_STEP][PASSED] - openBrowser(""): Browser is opened with url: ''

02-07-2024T22:42:03 - [MESSAGE][INFO] - Starting 'Chrome' driver

02-07-2024T22:42:03 - [MESSAGE][INFO] - Action delay is set to 0 milliseconds

02-07-2024T22:42:04 - [MESSAGE][PASSED] - Browser is opened with url: ''

02-07-2024T22:42:04 - [TEST_STEP][PASSED] - navigateToUrl("https://katalon-demo-cura.herokuapp.com/"): Navigate to 'https://katalon-demo-cura.herokuapp.com/' successfully

02-07-2024T22:42:06 - [MESSAGE][PASSED] - Navigate to 'https://katalon-demo-cura.herokuapp.com/' successfully

02-07-2024T22:42:06 - [TEST_STEP][PASSED] - click(findTestObject("Object Repository/Page_CURA Healthcare Service/a_CURA Healthcare_menu-toggle")): Object: 'Object Repository/Page_CURA Healthcare Service/a_CURA Healthcare_menu-toggle' is clicked on

02-07-2024T22:42:07 - [MESSAGE][PASSED] - Object: 'Object Repository/Page_CURA Healthcare Service/a_CURA Healthcare_menu-toggle' is clicked on

02-07-2024T22:42:07 - [TEST_STEP][PASSED] - verifyElementClickable(findTestObject("Object Repository/Page_CURA Healthcare Service/a_Login")): Object 'Object Repository/Page_CURA Healthcare Service/a_Login' is clickable

02-07-2024T22:42:07 - [MESSAGE][PASSED] - Object 'Object Repository/Page_CURA Healthcare Service/a_Login' is clickable

02-07-2024T22:42:07 - [TEST_STEP][PASSED] - click(findTestObject("Object Repository/Page_CURA Healthcare Service/a_Login")): Object: 'Object Repository/Page_CURA Healthcare Service/a_Login' is clicked on

02-07-2024T22:42:08 - [MESSAGE][PASSED] - Object: 'Object Repository/Page_CURA Healthcare Service/a_Login' is clicked on

02-07-2024T22:42:08 - [TEST_STEP][PASSED] - closeBrowser(): Browser is closed

02-07-2024T22:42:08 - [MESSAGE][PASSED] - Browser is closed]]></system-out>
         <system-err><![CDATA[]]></system-err>
      </testcase>
      <system-out><![CDATA[02-07-2024T22:41:53 - [TEST_SUITE][PASSED] - TS3: Test Cases/TC10]]></system-out>
      <system-err><![CDATA[]]></system-err>
   </testsuite>
</testsuites>
